<?xml version="1.0" encoding="UTF-8"?>
<testsuite xmlns:xsi="http://www.w3.org/2001/XMLSchema-instance" xsi:noNamespaceSchemaLocation="https://maven.apache.org/surefire/maven-surefire-plugin/xsd/surefire-test-report.xsd" name="cn.hm.AppTest" time="0.212" tests="1" errors="0" skipped="0" failures="0">
  <properties>
    <property name="sun.desktop" value="windows"/>
    <property name="awt.toolkit" value="sun.awt.windows.WToolkit"/>
    <property name="file.encoding.pkg" value="sun.io"/>
    <property name="java.specification.version" value="1.8"/>
    <property name="sun.cpu.isalist" value="amd64"/>
    <property name="sun.jnu.encoding" value="GBK"/>
    <property name="java.class.path" value="D:\java\IDEA-Tmall\Tmallcommon\target\test-classes;D:\java\IDEA-Tmall\Tmallcommon\target\classes;D:\software\Maven\repository\fastdfs_client\fastdfs_client\1.25\fastdfs_client-1.25.jar;D:\software\Maven\repository\joda-time\joda-time\2.5\joda-time-2.5.jar;D:\software\Maven\repository\org\apache\commons\commons-lang3\3.3.2\commons-lang3-3.3.2.jar;D:\software\Maven\repository\commons-io\commons-io\1.3.2\commons-io-1.3.2.jar;D:\software\Maven\repository\commons-net\commons-net\3.3\commons-net-3.3.jar;D:\software\Maven\repository\com\fasterxml\jackson\core\jackson-databind\2.4.2\jackson-databind-2.4.2.jar;D:\software\Maven\repository\com\fasterxml\jackson\core\jackson-annotations\2.4.0\jackson-annotations-2.4.0.jar;D:\software\Maven\repository\com\fasterxml\jackson\core\jackson-core\2.4.2\jackson-core-2.4.2.jar;D:\software\Maven\repository\org\apache\httpcomponents\httpclient\4.3.5\httpclient-4.3.5.jar;D:\software\Maven\repository\org\apache\httpcomponents\httpcore\4.3.2\httpcore-4.3.2.jar;D:\software\Maven\repository\commons-codec\commons-codec\1.6\commons-codec-1.6.jar;D:\software\Maven\repository\org\quartz-scheduler\quartz\2.2.2\quartz-2.2.2.jar;D:\software\Maven\repository\c3p0\c3p0\0.9.1.1\c3p0-0.9.1.1.jar;D:\software\Maven\repository\org\slf4j\slf4j-api\1.7.7\slf4j-api-1.7.7.jar;D:\software\Maven\repository\junit\junit\4.12\junit-4.12.jar;D:\software\Maven\repository\org\hamcrest\hamcrest-core\1.3\hamcrest-core-1.3.jar;D:\software\Maven\repository\org\slf4j\slf4j-log4j12\1.6.4\slf4j-log4j12-1.6.4.jar;D:\software\Maven\repository\log4j\log4j\1.2.16\log4j-1.2.16.jar;D:\software\Maven\repository\org\junit\jupiter\junit-jupiter-api\5.5.0-M1\junit-jupiter-api-5.5.0-M1.jar;D:\software\Maven\repository\org\apiguardian\apiguardian-api\1.0.0\apiguardian-api-1.0.0.jar;D:\software\Maven\repository\org\opentest4j\opentest4j\1.1.1\opentest4j-1.1.1.jar;D:\software\Maven\repository\org\junit\platform\junit-platform-commons\1.5.0-M1\junit-platform-commons-1.5.0-M1.jar;"/>
    <property name="java.vm.vendor" value="Oracle Corporation"/>
    <property name="sun.arch.data.model" value="64"/>
    <property name="user.variant" value=""/>
    <property name="java.vendor.url" value="http://java.oracle.com/"/>
    <property name="user.timezone" value="Asia/Shanghai"/>
    <property name="java.vm.specification.version" value="1.8"/>
    <property name="os.name" value="Windows 10"/>
    <property name="user.country" value="CN"/>
    <property name="sun.java.launcher" value="SUN_STANDARD"/>
    <property name="sun.boot.library.path" value="D:\software\JDK\jdk1.8.0_131\jre\bin"/>
    <property name="sun.java.command" value="C:\Users\admin\AppData\Local\Temp\surefire1178099891306973601\surefirebooter7841531676384505193.jar C:\Users\admin\AppData\Local\Temp\surefire1178099891306973601 2019-06-26T21-32-04_472-jvmRun1 surefire2189346641038690230tmp surefire_04777049051110857247tmp"/>
    <property name="surefire.test.class.path" value="D:\java\IDEA-Tmall\Tmallcommon\target\test-classes;D:\java\IDEA-Tmall\Tmallcommon\target\classes;D:\software\Maven\repository\fastdfs_client\fastdfs_client\1.25\fastdfs_client-1.25.jar;D:\software\Maven\repository\joda-time\joda-time\2.5\joda-time-2.5.jar;D:\software\Maven\repository\org\apache\commons\commons-lang3\3.3.2\commons-lang3-3.3.2.jar;D:\software\Maven\repository\commons-io\commons-io\1.3.2\commons-io-1.3.2.jar;D:\software\Maven\repository\commons-net\commons-net\3.3\commons-net-3.3.jar;D:\software\Maven\repository\com\fasterxml\jackson\core\jackson-databind\2.4.2\jackson-databind-2.4.2.jar;D:\software\Maven\repository\com\fasterxml\jackson\core\jackson-annotations\2.4.0\jackson-annotations-2.4.0.jar;D:\software\Maven\repository\com\fasterxml\jackson\core\jackson-core\2.4.2\jackson-core-2.4.2.jar;D:\software\Maven\repository\org\apache\httpcomponents\httpclient\4.3.5\httpclient-4.3.5.jar;D:\software\Maven\repository\org\apache\httpcomponents\httpcore\4.3.2\httpcore-4.3.2.jar;D:\software\Maven\repository\commons-codec\commons-codec\1.6\commons-codec-1.6.jar;D:\software\Maven\repository\org\quartz-scheduler\quartz\2.2.2\quartz-2.2.2.jar;D:\software\Maven\repository\c3p0\c3p0\0.9.1.1\c3p0-0.9.1.1.jar;D:\software\Maven\repository\org\slf4j\slf4j-api\1.7.7\slf4j-api-1.7.7.jar;D:\software\Maven\repository\junit\junit\4.12\junit-4.12.jar;D:\software\Maven\repository\org\hamcrest\hamcrest-core\1.3\hamcrest-core-1.3.jar;D:\software\Maven\repository\org\slf4j\slf4j-log4j12\1.6.4\slf4j-log4j12-1.6.4.jar;D:\software\Maven\repository\log4j\log4j\1.2.16\log4j-1.2.16.jar;D:\software\Maven\repository\org\junit\jupiter\junit-jupiter-api\5.5.0-M1\junit-jupiter-api-5.5.0-M1.jar;D:\software\Maven\repository\org\apiguardian\apiguardian-api\1.0.0\apiguardian-api-1.0.0.jar;D:\software\Maven\repository\org\opentest4j\opentest4j\1.1.1\opentest4j-1.1.1.jar;D:\software\Maven\repository\org\junit\platform\junit-platform-commons\1.5.0-M1\junit-platform-commons-1.5.0-M1.jar;"/>
    <property name="sun.cpu.endian" value="little"/>
    <property name="user.home" value="C:\Users\admin"/>
    <property name="user.language" value="zh"/>
    <property name="java.specification.vendor" value="Oracle Corporation"/>
    <property name="java.home" value="D:\software\JDK\jdk1.8.0_131\jre"/>
    <property name="basedir" value="D:\java\IDEA-Tmall\Tmallcommon"/>
    <property name="file.separator" value="\"/>
    <property name="line.separator" value="&#10;"/>
    <property name="java.vm.specification.vendor" value="Oracle Corporation"/>
    <property name="java.specification.name" value="Java Platform API Specification"/>
    <property name="java.awt.graphicsenv" value="sun.awt.Win32GraphicsEnvironment"/>
    <property name="surefire.real.class.path" value="C:\Users\admin\AppData\Local\Temp\surefire1178099891306973601\surefirebooter7841531676384505193.jar"/>
    <property name="sun.boot.class.path" value="D:\software\JDK\jdk1.8.0_131\jre\lib\resources.jar;D:\software\JDK\jdk1.8.0_131\jre\lib\rt.jar;D:\software\JDK\jdk1.8.0_131\jre\lib\sunrsasign.jar;D:\software\JDK\jdk1.8.0_131\jre\lib\jsse.jar;D:\software\JDK\jdk1.8.0_131\jre\lib\jce.jar;D:\software\JDK\jdk1.8.0_131\jre\lib\charsets.jar;D:\software\JDK\jdk1.8.0_131\jre\lib\jfr.jar;D:\software\JDK\jdk1.8.0_131\jre\classes"/>
    <property name="user.script" value=""/>
    <property name="sun.management.compiler" value="HotSpot 64-Bit Tiered Compilers"/>
    <property name="java.runtime.version" value="1.8.0_131-b11"/>
    <property name="user.name" value="admin"/>
    <property name="path.separator" value=";"/>
    <property name="os.version" value="10.0"/>
    <property name="java.endorsed.dirs" value="D:\software\JDK\jdk1.8.0_131\jre\lib\endorsed"/>
    <property name="java.runtime.name" value="Java(TM) SE Runtime Environment"/>
    <property name="file.encoding" value="GBK"/>
    <property name="java.vm.name" value="Java HotSpot(TM) 64-Bit Server VM"/>
    <property name="localRepository" value="D:\software\Maven\repository"/>
    <property name="java.vendor.url.bug" value="http://bugreport.sun.com/bugreport/"/>
    <property name="java.io.tmpdir" value="C:\Users\admin\AppData\Local\Temp\"/>
    <property name="idea.version" value="2017.3.1"/>
    <property name="java.version" value="1.8.0_131"/>
    <property name="user.dir" value="D:\java\IDEA-Tmall\Tmallcommon"/>
    <property name="os.arch" value="amd64"/>
    <property name="java.vm.specification.name" value="Java Virtual Machine Specification"/>
    <property name="java.awt.printerjob" value="sun.awt.windows.WPrinterJob"/>
    <property name="sun.os.patch.level" value=""/>
    <property name="java.library.path" value="D:\software\JDK\jdk1.8.0_131\jre\bin;C:\WINDOWS\Sun\Java\bin;C:\WINDOWS\system32;C:\WINDOWS;D:\software\JDK\jdk1.8.0_131\bin;C:\ProgramData\Oracle\Java\javapath;D:\software\Scripts\;C:\Program Files\MySQL\MySQL Server 5.7\bin;D:\Oracle\product\11.2.0\dbhome_1\bin;D:\software\Oracle\app\oracle\product\11.2.0\server\bin;D:\software\Maven\apache-maven-3.5.4-bin\apache-maven-3.5.4\bin;D:\software\JDK\jdk1.8.0_131\bin\;C:\Windows\system32;C:\Windows;C:\Windows\System32\Wbem;C:\Windows\System32\WindowsPowerShell\v1.0\;C:\Program Files (x86)\NVIDIA Corporation\PhysX\Common;C:\Program Files (x86)\Microsoft SQL Server\100\Tools\Binn\;C:\Program Files\Microsoft SQL Server\100\Tools\Binn\;C:\Program Files\Microsoft SQL Server\100\DTS\Binn\;C:\Program Files (x86)\Microsoft SQL Server\100\Tools\Binn\VSShell\Common7\IDE\;C:\Program Files (x86)\Microsoft Visual Studio 9.0\Common7\IDE\PrivateAssemblies\;C:\Program Files (x86)\Microsoft SQL Server\100\DTS\Binn\;C:\WINDOWS\system32;C:\WINDOWS;C:\WINDOWS\System32\Wbem;C:\WINDOWS\System32\WindowsPowerShell\v1.0\;C:\WINDOWS\System32\OpenSSH\;D:\software\mysql-8.0.11-winx64\mysql-8.0.11-winx64\bin;C:\Program Files (x86)\MySQL\MySQL Utilities 1.6\;C:\Program Files\MySQL\MySQL Server 5.7\bin;D:\software2\NodeJS\;D:\鏂板缓鏂囦欢澶筡Microsoft Visual Studio\Common\Tools\WinNT;D:\鏂板缓鏂囦欢澶筡Microsoft Visual Studio\Common\MSDev98\Bin;D:\鏂板缓鏂囦欢澶筡Microsoft Visual Studio\Common\Tools;D:\鏂板缓鏂囦欢澶筡Microsoft Visual Studio\VC98\bin;C:\Users\admin\AppData\Local\Microsoft\WindowsApps;&quot;D:\software\JDK\jdk1.8.0_131\bin;&quot;;C:\Users\admin\AppData\Local\GitHubDesktop\bin;C:\Users\admin\AppData\Local\atom\bin;C:\Users\admin\AppData\Roaming\npm;."/>
    <property name="java.vm.info" value="mixed mode"/>
    <property name="java.vendor" value="Oracle Corporation"/>
    <property name="java.vm.version" value="25.131-b11"/>
    <property name="java.ext.dirs" value="D:\software\JDK\jdk1.8.0_131\jre\lib\ext;C:\WINDOWS\Sun\Java\lib\ext"/>
    <property name="sun.io.unicode.encoding" value="UnicodeLittle"/>
    <property name="maven.repo.local" value="D:\software\Maven\repository"/>
    <property name="java.class.version" value="52.0"/>
  </properties>
  <testcase name="shouldAnswerWithTrue" classname="cn.hm.AppTest" time="0.001"/>
</testsuite>